# JRE version: Java(TM) SE Runtime Environment (8.0_91-b14) (build 1.8.0_91-b14)
# Java VM: Java HotSpot(TM) 64-Bit Server VM (25.91-b14 mixed mode linux-amd64 compressed oops)
Heap:
 PSYoungGen      total 450048K, used 225280K [0x00000000d6d00000, 0x0000000100000000, 0x0000000100000000)
  eden space 225280K, 100% used [0x00000000d6d00000,0x00000000e4900000,0x00000000e4900000)
  from space 224768K, 0% used [0x00000000e4900000,0x00000000e4900000,0x00000000f2480000)
  to   space 224768K, 0% used [0x00000000f2480000,0x00000000f2480000,0x0000000100000000)
 ParOldGen       total 1350656K, used 1350220K [0x0000000084600000, 0x00000000d6d00000, 0x00000000d6d00000)
  object space 1350656K, 99% used [0x0000000084600000,0x00000000d6c93200,0x00000000d6d00000)
 Metaspace       used 3723K, capacity 4744K, committed 4864K, reserved 1056768K
  class space    used 414K, capacity 436K, committed 512K, reserved 1048576K
GC Heap History (10 events):
Event: 695,977 GC heap before
{Heap before GC invocations=303 (full 138):
 PSYoungGen      total 450048K, used 225280K [0x00000000d6d00000, 0x0000000100000000, 0x0000000100000000)
  eden space 225280K, 100% used [0x00000000d6d00000,0x00000000e4900000,0x00000000e4900000)
  from space 224768K, 0% used [0x00000000e4900000,0x00000000e4900000,0x00000000f2480000)
  to   space 224768K, 0% used [0x00000000f2480000,0x00000000f2480000,0x0000000100000000)
 ParOldGen       total 1350656K, used 1350318K [0x0000000084600000, 0x00000000d6d00000, 0x00000000d6d00000)
  object space 1350656K, 99% used [0x0000000084600000,0x00000000d6cabae0,0x00000000d6d00000)
 Metaspace       used 3723K, capacity 4744K, committed 4864K, reserved 1056768K
  class space    used 414K, capacity 436K, committed 512K, reserved 1048576K
Event: 699,865 GC heap after
Heap after GC invocations=303 (full 138):
 PSYoungGen      total 450048K, used 223870K [0x00000000d6d00000, 0x0000000100000000, 0x0000000100000000)
  eden space 225280K, 99% used [0x00000000d6d00000,0x00000000e479f948,0x00000000e4900000)
  from space 224768K, 0% used [0x00000000e4900000,0x00000000e4900000,0x00000000f2480000)
  to   space 224768K, 0% used [0x00000000f2480000,0x00000000f2480000,0x0000000100000000)
 ParOldGen       total 1350656K, used 1350297K [0x0000000084600000, 0x00000000d6d00000, 0x00000000d6d00000)
  object space 1350656K, 99% used [0x0000000084600000,0x00000000d6ca66b0,0x00000000d6d00000)
 Metaspace       used 3723K, capacity 4744K, committed 4864K, reserved 1056768K
  class space    used 414K, capacity 436K, committed 512K, reserved 1048576K
}
Event: 699,865 GC heap before
{Heap before GC invocations=304 (full 139):
 PSYoungGen      total 450048K, used 225280K [0x00000000d6d00000, 0x0000000100000000, 0x0000000100000000)
  eden space 225280K, 100% used [0x00000000d6d00000,0x00000000e4900000,0x00000000e4900000)
  from space 224768K, 0% used [0x00000000e4900000,0x00000000e4900000,0x00000000f2480000)
  to   space 224768K, 0% used [0x00000000f2480000,0x00000000f2480000,0x0000000100000000)
 ParOldGen       total 1350656K, used 1350297K [0x0000000084600000, 0x00000000d6d00000, 0x00000000d6d00000)
  object space 1350656K, 99% used [0x0000000084600000,0x00000000d6ca66b0,0x00000000d6d00000)
 Metaspace       used 3723K, capacity 4744K, committed 4864K, reserved 1056768K
  class space    used 414K, capacity 436K, committed 512K, reserved 1048576K
Event: 703,620 GC heap after
Heap after GC invocations=304 (full 139):
 PSYoungGen      total 450048K, used 223944K [0x00000000d6d00000, 0x0000000100000000, 0x0000000100000000)
  eden space 225280K, 99% used [0x00000000d6d00000,0x00000000e47b23d8,0x00000000e4900000)
  from space 224768K, 0% used [0x00000000e4900000,0x00000000e4900000,0x00000000f2480000)
  to   space 224768K, 0% used [0x00000000f2480000,0x00000000f2480000,0x0000000100000000)
 ParOldGen       total 1350656K, used 1350283K [0x0000000084600000, 0x00000000d6d00000, 0x00000000d6d00000)
  object space 1350656K, 99% used [0x0000000084600000,0x00000000d6ca2e90,0x00000000d6d00000)
 Metaspace       used 3723K, capacity 4744K, committed 4864K, reserved 1056768K
  class space    used 414K, capacity 436K, committed 512K, reserved 1048576K
}
Event: 703,620 GC heap before
{Heap before GC invocations=305 (full 140):
 PSYoungGen      total 450048K, used 225280K [0x00000000d6d00000, 0x0000000100000000, 0x0000000100000000)
  eden space 225280K, 100% used [0x00000000d6d00000,0x00000000e4900000,0x00000000e4900000)
  from space 224768K, 0% used [0x00000000e4900000,0x00000000e4900000,0x00000000f2480000)
  to   space 224768K, 0% used [0x00000000f2480000,0x00000000f2480000,0x0000000100000000)
 ParOldGen       total 1350656K, used 1350283K [0x0000000084600000, 0x00000000d6d00000, 0x00000000d6d00000)
  object space 1350656K, 99% used [0x0000000084600000,0x00000000d6ca2e90,0x00000000d6d00000)
 Metaspace       used 3723K, capacity 4744K, committed 4864K, reserved 1056768K
  class space    used 414K, capacity 436K, committed 512K, reserved 1048576K
Event: 707,565 GC heap after
Heap after GC invocations=305 (full 140):
 PSYoungGen      total 450048K, used 224027K [0x00000000d6d00000, 0x0000000100000000, 0x0000000100000000)
  eden space 225280K, 99% used [0x00000000d6d00000,0x00000000e47c6c90,0x00000000e4900000)
  from space 224768K, 0% used [0x00000000e4900000,0x00000000e4900000,0x00000000f2480000)
  to   space 224768K, 0% used [0x00000000f2480000,0x00000000f2480000,0x0000000100000000)
 ParOldGen       total 1350656K, used 1350269K [0x0000000084600000, 0x00000000d6d00000, 0x00000000d6d00000)
  object space 1350656K, 99% used [0x0000000084600000,0x00000000d6c9f670,0x00000000d6d00000)
 Metaspace       used 3723K, capacity 4744K, committed 4864K, reserved 1056768K
  class space    used 414K, capacity 436K, committed 512K, reserved 1048576K
}
Event: 707,566 GC heap before
{Heap before GC invocations=306 (full 141):
 PSYoungGen      total 450048K, used 225280K [0x00000000d6d00000, 0x0000000100000000, 0x0000000100000000)
  eden space 225280K, 100% used [0x00000000d6d00000,0x00000000e4900000,0x00000000e4900000)
  from space 224768K, 0% used [0x00000000e4900000,0x00000000e4900000,0x00000000f2480000)
  to   space 224768K, 0% used [0x00000000f2480000,0x00000000f2480000,0x0000000100000000)
 ParOldGen       total 1350656K, used 1350269K [0x0000000084600000, 0x00000000d6d00000, 0x00000000d6d00000)
  object space 1350656K, 99% used [0x0000000084600000,0x00000000d6c9f670,0x00000000d6d00000)
 Metaspace       used 3723K, capacity 4744K, committed 4864K, reserved 1056768K
  class space    used 414K, capacity 436K, committed 512K, reserved 1048576K
Event: 711,234 GC heap after
Heap after GC invocations=306 (full 141):
 PSYoungGen      total 450048K, used 224120K [0x00000000d6d00000, 0x0000000100000000, 0x0000000100000000)
  eden space 225280K, 99% used [0x00000000d6d00000,0x00000000e47de2c0,0x00000000e4900000)
  from space 224768K, 0% used [0x00000000e4900000,0x00000000e4900000,0x00000000f2480000)
  to   space 224768K, 0% used [0x00000000f2480000,0x00000000f2480000,0x0000000100000000)
 ParOldGen       total 1350656K, used 1350241K [0x0000000084600000, 0x00000000d6d00000, 0x00000000d6d00000)
  object space 1350656K, 99% used [0x0000000084600000,0x00000000d6c98630,0x00000000d6d00000)
 Metaspace       used 3723K, capacity 4744K, committed 4864K, reserved 1056768K
  class space    used 414K, capacity 436K, committed 512K, reserved 1048576K
}
Event: 711,235 GC heap before
{Heap before GC invocations=307 (full 142):
 PSYoungGen      total 450048K, used 225280K [0x00000000d6d00000, 0x0000000100000000, 0x0000000100000000)
  eden space 225280K, 100% used [0x00000000d6d00000,0x00000000e4900000,0x00000000e4900000)
  from space 224768K, 0% used [0x00000000e4900000,0x00000000e4900000,0x00000000f2480000)
  to   space 224768K, 0% used [0x00000000f2480000,0x00000000f2480000,0x0000000100000000)
 ParOldGen       total 1350656K, used 1350241K [0x0000000084600000, 0x00000000d6d00000, 0x00000000d6d00000)
  object space 1350656K, 99% used [0x0000000084600000,0x00000000d6c98630,0x00000000d6d00000)
 Metaspace       used 3723K, capacity 4744K, committed 4864K, reserved 1056768K
  class space    used 414K, capacity 436K, committed 512K, reserved 1048576K
Event: 715,484 GC heap after
Heap after GC invocations=307 (full 142):
 PSYoungGen      total 450048K, used 224194K [0x00000000d6d00000, 0x0000000100000000, 0x0000000100000000)
  eden space 225280K, 99% used [0x00000000d6d00000,0x00000000e47f0890,0x00000000e4900000)
  from space 224768K, 0% used [0x00000000e4900000,0x00000000e4900000,0x00000000f2480000)
  to   space 224768K, 0% used [0x00000000f2480000,0x00000000f2480000,0x0000000100000000)
 ParOldGen       total 1350656K, used 1350220K [0x0000000084600000, 0x00000000d6d00000, 0x00000000d6d00000)
  object space 1350656K, 99% used [0x0000000084600000,0x00000000d6c93200,0x00000000d6d00000)
 Metaspace       used 3723K, capacity 4744K, committed 4864K, reserved 1056768K
  class space    used 414K, capacity 436K, committed 512K, reserved 1048576K
}

